<?xml version="1.0" encoding="UTF-8"?>
<testsuite name="hello.hellospring.service.MemberServiceTest" tests="4" skipped="0" failures="0" errors="0" timestamp="2023-04-10T11:29:01" hostname="mzc01-garden.lan" time="0.036">
  <properties/>
  <testcase name="findOne()" classname="hello.hellospring.service.MemberServiceTest" time="0.008"/>
  <testcase name="중복_회원_예외()" classname="hello.hellospring.service.MemberServiceTest" time="0.024"/>
  <testcase name="회원가입()" classname="hello.hellospring.service.MemberServiceTest" time="0.001"/>
  <testcase name="findMembers()" classname="hello.hellospring.service.MemberServiceTest" time="0.001"/>
  <system-out><![CDATA[]]></system-out>
  <system-err><![CDATA[]]></system-err>
</testsuite>
